---[Run #1]---

Bondarenko et al. 2004:        140.140000 s
Courtemanche et al. 1998:      45.720000 s
Faber & Rudy 2000:             29.010000 s
Garny et al. 2003:             48.180000 s
Luo & Rudy 1991:               70.070000 s
Noble 1962:                    310.020000 s
Noble et al. 1998:             42.010000 s
Nygren et al. 1998:            31.370000 s
ten Tusscher & Panfilov 2006:  59.080000 s

---[Run #2]---

Bondarenko et al. 2004:        140.500000 s
Courtemanche et al. 1998:      45.940000 s
Faber & Rudy 2000:             29.200000 s
Garny et al. 2003:             48.210000 s
Luo & Rudy 1991:               71.290000 s
Noble 1962:                    298.800000 s
Noble et al. 1998:             41.200000 s
Nygren et al. 1998:            31.250000 s
ten Tusscher & Panfilov 2006:  60.940000 s

---[Run #3]---

Bondarenko et al. 2004:        151.440000 s
Courtemanche et al. 1998:      48.050000 s
Faber & Rudy 2000:             30.880000 s
Garny et al. 2003:             49.840000 s
Luo & Rudy 1991:               71.820000 s
Noble 1962:                    302.450000 s
Noble et al. 1998:             39.550000 s
Nygren et al. 1998:            29.480000 s
ten Tusscher & Panfilov 2006:  58.430000 s

---[Run #4]---

Bondarenko et al. 2004:        140.780000 s
Courtemanche et al. 1998:      45.200000 s
Faber & Rudy 2000:             29.850000 s
Garny et al. 2003:             48.220000 s
Luo & Rudy 1991:               70.450000 s
Noble 1962:                    303.080000 s
Noble et al. 1998:             40.100000 s
Nygren et al. 1998:            29.630000 s
ten Tusscher & Panfilov 2006:  57.720000 s

---[Run #5]---

Bondarenko et al. 2004:        140.320000 s
Courtemanche et al. 1998:      45.350000 s
Faber & Rudy 2000:             28.970000 s
Garny et al. 2003:             47.540000 s
Luo & Rudy 1991:               70.840000 s
Noble 1962:                    301.420000 s
Noble et al. 1998:             39.620000 s
Nygren et al. 1998:            29.650000 s
ten Tusscher & Panfilov 2006:  59.820000 s

---[Run #6]---

Bondarenko et al. 2004:        149.730000 s
Courtemanche et al. 1998:      47.680000 s
Faber & Rudy 2000:             30.370000 s
Garny et al. 2003:             50.340000 s
Luo & Rudy 1991:               73.920000 s
Noble 1962:                    300.710000 s
Noble et al. 1998:             39.490000 s
Nygren et al. 1998:            30.510000 s
ten Tusscher & Panfilov 2006:  60.650000 s

---[Run #7]---

Bondarenko et al. 2004:        149.910000 s
Courtemanche et al. 1998:      47.650000 s
Faber & Rudy 2000:             29.020000 s
Garny et al. 2003:             48.000000 s
Luo & Rudy 1991:               70.150000 s
Noble 1962:                    304.130000 s
Noble et al. 1998:             39.520000 s
Nygren et al. 1998:            29.600000 s
ten Tusscher & Panfilov 2006:  58.340000 s
