---[Run #1]---

Bondarenko et al. 2004:        1.16 s
Courtemanche et al. 1998:      0.998 s
Faber & Rudy 2000:             0.717 s
Garny et al. 2003:             0.996 s
Luo & Rudy 1991:               0.666 s
Noble 1962:                    1.42 s
Noble et al. 1998:             0.834 s
Nygren et al. 1998:            0.824 s
ten Tusscher & Panfilov 2006:  0.969 s

---[Run #2]---

Bondarenko et al. 2004:        1.14 s
Courtemanche et al. 1998:      0.97 s
Faber & Rudy 2000:             0.696 s
Garny et al. 2003:             0.943 s
Luo & Rudy 1991:               0.646 s
Noble 1962:                    1.34 s
Noble et al. 1998:             0.831 s
Nygren et al. 1998:            0.775 s
ten Tusscher & Panfilov 2006:  1.01 s

---[Run #3]---

Bondarenko et al. 2004:        1.14 s
Courtemanche et al. 1998:      1.06 s
Faber & Rudy 2000:             0.712 s
Garny et al. 2003:             0.951 s
Luo & Rudy 1991:               0.647 s
Noble 1962:                    1.35 s
Noble et al. 1998:             0.891 s
Nygren et al. 1998:            0.769 s
ten Tusscher & Panfilov 2006:  0.976 s

---[Run #4]---

Bondarenko et al. 2004:        1.15 s
Courtemanche et al. 1998:      0.994 s
Faber & Rudy 2000:             0.693 s
Garny et al. 2003:             0.996 s
Luo & Rudy 1991:               0.651 s
Noble 1962:                    1.35 s
Noble et al. 1998:             0.84 s
Nygren et al. 1998:            0.825 s
ten Tusscher & Panfilov 2006:  0.981 s

---[Run #5]---

Bondarenko et al. 2004:        1.15 s
Courtemanche et al. 1998:      0.994 s
Faber & Rudy 2000:             0.717 s
Garny et al. 2003:             0.984 s
Luo & Rudy 1991:               0.649 s
Noble 1962:                    1.34 s
Noble et al. 1998:             0.858 s
Nygren et al. 1998:            0.782 s
ten Tusscher & Panfilov 2006:  0.982 s

---[Run #6]---

Bondarenko et al. 2004:        1.12 s
Courtemanche et al. 1998:      1 s
Faber & Rudy 2000:             0.716 s
Garny et al. 2003:             0.945 s
Luo & Rudy 1991:               0.636 s
Noble 1962:                    1.36 s
Noble et al. 1998:             0.84 s
Nygren et al. 1998:            0.786 s
ten Tusscher & Panfilov 2006:  0.972 s

---[Run #7]---

Bondarenko et al. 2004:        1.21 s
Courtemanche et al. 1998:      1.02 s
Faber & Rudy 2000:             0.695 s
Garny et al. 2003:             0.969 s
Luo & Rudy 1991:               0.651 s
Noble 1962:                    1.34 s
Noble et al. 1998:             0.839 s
Nygren et al. 1998:            0.824 s
ten Tusscher & Panfilov 2006:  0.971 s
